# JRE version: Java(TM) SE Runtime Environment (8.0_161-b12) (build 1.8.0_161-b12)
# Java VM: Java HotSpot(TM) 64-Bit Server VM (25.161-b12 mixed mode windows-amd64 compressed oops)
Heap:
 PSYoungGen      total 683008K, used 356204K [0x00000000d5f00000, 0x0000000100000000, 0x0000000100000000)
  eden space 677376K, 52% used [0x00000000d5f00000,0x00000000ebabb1b8,0x00000000ff480000)
  from space 5632K, 2% used [0x00000000ff480000,0x00000000ff4a0000,0x00000000ffa00000)
  to   space 5632K, 0% used [0x00000000ffa80000,0x00000000ffa80000,0x0000000100000000)
 ParOldGen       total 570368K, used 224385K [0x0000000081c00000, 0x00000000a4900000, 0x00000000d5f00000)
  object space 570368K, 39% used [0x0000000081c00000,0x000000008f720550,0x00000000a4900000)
 Metaspace       used 29795K, capacity 30680K, committed 30720K, reserved 1075200K
  class space    used 3864K, capacity 4084K, committed 4096K, reserved 1048576K
GC Heap History (10 events):
Event: 563.462 GC heap before
{Heap before GC invocations=504 (full 5):
 PSYoungGen      total 683520K, used 679157K [0x00000000d5f00000, 0x0000000100000000, 0x0000000100000000)
  eden space 677888K, 100% used [0x00000000d5f00000,0x00000000ff500000,0x00000000ff500000)
  from space 5632K, 22% used [0x00000000ffa80000,0x00000000ffbbd7a0,0x0000000100000000)
  to   space 5632K, 0% used [0x00000000ff500000,0x00000000ff500000,0x00000000ffa80000)
 ParOldGen       total 570368K, used 224353K [0x0000000081c00000, 0x00000000a4900000, 0x00000000d5f00000)
  object space 570368K, 39% used [0x0000000081c00000,0x000000008f718540,0x00000000a4900000)
 Metaspace       used 29795K, capacity 30680K, committed 30720K, reserved 1075200K
  class space    used 3864K, capacity 4084K, committed 4096K, reserved 1048576K
Event: 563.468 GC heap after
Heap after GC invocations=504 (full 5):
 PSYoungGen      total 683520K, used 2961K [0x00000000d5f00000, 0x0000000100000000, 0x0000000100000000)
  eden space 677888K, 0% used [0x00000000d5f00000,0x00000000d5f00000,0x00000000ff500000)
  from space 5632K, 52% used [0x00000000ff500000,0x00000000ff7e4518,0x00000000ffa80000)
  to   space 5632K, 0% used [0x00000000ffa80000,0x00000000ffa80000,0x0000000100000000)
 ParOldGen       total 570368K, used 224353K [0x0000000081c00000, 0x00000000a4900000, 0x00000000d5f00000)
  object space 570368K, 39% used [0x0000000081c00000,0x000000008f718540,0x00000000a4900000)
 Metaspace       used 29795K, capacity 30680K, committed 30720K, reserved 1075200K
  class space    used 3864K, capacity 4084K, committed 4096K, reserved 1048576K
}
Event: 564.407 GC heap before
{Heap before GC invocations=505 (full 5):
 PSYoungGen      total 683520K, used 680849K [0x00000000d5f00000, 0x0000000100000000, 0x0000000100000000)
  eden space 677888K, 100% used [0x00000000d5f00000,0x00000000ff500000,0x00000000ff500000)
  from space 5632K, 52% used [0x00000000ff500000,0x00000000ff7e4518,0x00000000ffa80000)
  to   space 5632K, 0% used [0x00000000ffa80000,0x00000000ffa80000,0x0000000100000000)
 ParOldGen       total 570368K, used 224353K [0x0000000081c00000, 0x00000000a4900000, 0x00000000d5f00000)
  object space 570368K, 39% used [0x0000000081c00000,0x000000008f718540,0x00000000a4900000)
 Metaspace       used 29795K, capacity 30680K, committed 30720K, reserved 1075200K
  class space    used 3864K, capacity 4084K, committed 4096K, reserved 1048576K
Event: 564.410 GC heap after
Heap after GC invocations=505 (full 5):
 PSYoungGen      total 683520K, used 1173K [0x00000000d5f00000, 0x0000000100000000, 0x0000000100000000)
  eden space 677888K, 0% used [0x00000000d5f00000,0x00000000d5f00000,0x00000000ff500000)
  from space 5632K, 20% used [0x00000000ffa80000,0x00000000ffba57a0,0x0000000100000000)
  to   space 5632K, 0% used [0x00000000ff500000,0x00000000ff500000,0x00000000ffa80000)
 ParOldGen       total 570368K, used 224385K [0x0000000081c00000, 0x00000000a4900000, 0x00000000d5f00000)
  object space 570368K, 39% used [0x0000000081c00000,0x000000008f720550,0x00000000a4900000)
 Metaspace       used 29795K, capacity 30680K, committed 30720K, reserved 1075200K
  class space    used 3864K, capacity 4084K, committed 4096K, reserved 1048576K
}
Event: 565.309 GC heap before
{Heap before GC invocations=506 (full 5):
 PSYoungGen      total 683520K, used 679061K [0x00000000d5f00000, 0x0000000100000000, 0x0000000100000000)
  eden space 677888K, 100% used [0x00000000d5f00000,0x00000000ff500000,0x00000000ff500000)
  from space 5632K, 20% used [0x00000000ffa80000,0x00000000ffba57a0,0x0000000100000000)
  to   space 5632K, 0% used [0x00000000ff500000,0x00000000ff500000,0x00000000ffa80000)
 ParOldGen       total 570368K, used 224385K [0x0000000081c00000, 0x00000000a4900000, 0x00000000d5f00000)
  object space 570368K, 39% used [0x0000000081c00000,0x000000008f720550,0x00000000a4900000)
 Metaspace       used 29795K, capacity 30680K, committed 30720K, reserved 1075200K
  class space    used 3864K, capacity 4084K, committed 4096K, reserved 1048576K
Event: 565.314 GC heap after
Heap after GC invocations=506 (full 5):
 PSYoungGen      total 680960K, used 2673K [0x00000000d5f00000, 0x00000000fff00000, 0x0000000100000000)
  eden space 677888K, 0% used [0x00000000d5f00000,0x00000000d5f00000,0x00000000ff500000)
  from space 3072K, 87% used [0x00000000ff500000,0x00000000ff79c518,0x00000000ff800000)
  to   space 5120K, 0% used [0x00000000ffa00000,0x00000000ffa00000,0x00000000fff00000)
 ParOldGen       total 570368K, used 224385K [0x0000000081c00000, 0x00000000a4900000, 0x00000000d5f00000)
  object space 570368K, 39% used [0x0000000081c00000,0x000000008f720550,0x00000000a4900000)
 Metaspace       used 29795K, capacity 30680K, committed 30720K, reserved 1075200K
  class space    used 3864K, capacity 4084K, committed 4096K, reserved 1048576K
}
Event: 566.233 GC heap before
{Heap before GC invocations=507 (full 5):
 PSYoungGen      total 680960K, used 680561K [0x00000000d5f00000, 0x00000000fff00000, 0x0000000100000000)
  eden space 677888K, 100% used [0x00000000d5f00000,0x00000000ff500000,0x00000000ff500000)
  from space 3072K, 87% used [0x00000000ff500000,0x00000000ff79c518,0x00000000ff800000)
  to   space 5120K, 0% used [0x00000000ffa00000,0x00000000ffa00000,0x00000000fff00000)
 ParOldGen       total 570368K, used 224385K [0x0000000081c00000, 0x00000000a4900000, 0x00000000d5f00000)
  object space 570368K, 39% used [0x0000000081c00000,0x000000008f720550,0x00000000a4900000)
 Metaspace       used 29795K, capacity 30680K, committed 30720K, reserved 1075200K
  class space    used 3864K, capacity 4084K, committed 4096K, reserved 1048576K
Event: 566.240 GC heap after
Heap after GC invocations=507 (full 5):
 PSYoungGen      total 682496K, used 4009K [0x00000000d5f00000, 0x0000000100000000, 0x0000000100000000)
  eden space 677376K, 0% used [0x00000000d5f00000,0x00000000d5f00000,0x00000000ff480000)
  from space 5120K, 78% used [0x00000000ffa00000,0x00000000ffdea798,0x00000000fff00000)
  to   space 5632K, 0% used [0x00000000ff480000,0x00000000ff480000,0x00000000ffa00000)
 ParOldGen       total 570368K, used 224385K [0x0000000081c00000, 0x00000000a4900000, 0x00000000d5f00000)
  object space 570368K, 39% used [0x0000000081c00000,0x000000008f720550,0x00000000a4900000)
 Metaspace       used 29795K, capacity 30680K, committed 30720K, reserved 1075200K
  class space    used 3864K, capacity 4084K, committed 4096K, reserved 1048576K
}
Event: 576.953 GC heap before
{Heap before GC invocations=508 (full 5):
 PSYoungGen      total 682496K, used 681385K [0x00000000d5f00000, 0x0000000100000000, 0x0000000100000000)
  eden space 677376K, 100% used [0x00000000d5f00000,0x00000000ff480000,0x00000000ff480000)
  from space 5120K, 78% used [0x00000000ffa00000,0x00000000ffdea798,0x00000000fff00000)
  to   space 5632K, 0% used [0x00000000ff480000,0x00000000ff480000,0x00000000ffa00000)
 ParOldGen       total 570368K, used 224385K [0x0000000081c00000, 0x00000000a4900000, 0x00000000d5f00000)
  object space 570368K, 39% used [0x0000000081c00000,0x000000008f720550,0x00000000a4900000)
 Metaspace       used 29795K, capacity 30680K, committed 30720K, reserved 1075200K
  class space    used 3864K, capacity 4084K, committed 4096K, reserved 1048576K
Event: 576.955 GC heap after
Heap after GC invocations=508 (full 5):
 PSYoungGen      total 683008K, used 128K [0x00000000d5f00000, 0x0000000100000000, 0x0000000100000000)
  eden space 677376K, 0% used [0x00000000d5f00000,0x00000000d5f00000,0x00000000ff480000)
  from space 5632K, 2% used [0x00000000ff480000,0x00000000ff4a0000,0x00000000ffa00000)
  to   space 5632K, 0% used [0x00000000ffa80000,0x00000000ffa80000,0x0000000100000000)
 ParOldGen       total 570368K, used 224385K [0x0000000081c00000, 0x00000000a4900000, 0x00000000d5f00000)
  object space 570368K, 39% used [0x0000000081c00000,0x000000008f720550,0x00000000a4900000)
 Metaspace       used 29795K, capacity 30680K, committed 30720K, reserved 1075200K
  class space    used 3864K, capacity 4084K, committed 4096K, reserved 1048576K
}

