# JRE version: Java(TM) SE Runtime Environment (8.0_161-b12) (build 1.8.0_161-b12)
# Java VM: Java HotSpot(TM) 64-Bit Server VM (25.161-b12 mixed mode windows-amd64 compressed oops)
Heap:
 PSYoungGen      total 661504K, used 161534K [0x00000000d5f00000, 0x0000000100000000, 0x0000000100000000)
  eden space 634880K, 25% used [0x00000000d5f00000,0x00000000dfbc9368,0x00000000fcb00000)
  from space 26624K, 3% used [0x00000000fcb00000,0x00000000fcbf6520,0x00000000fe500000)
  to   space 26624K, 0% used [0x00000000fe600000,0x00000000fe600000,0x0000000100000000)
 ParOldGen       total 78336K, used 31714K [0x0000000081c00000, 0x0000000086880000, 0x00000000d5f00000)
  object space 78336K, 40% used [0x0000000081c00000,0x0000000083af8b58,0x0000000086880000)
 Metaspace       used 29376K, capacity 30272K, committed 30464K, reserved 1075200K
  class space    used 3849K, capacity 4076K, committed 4096K, reserved 1048576K
GC Heap History (10 events):
Event: 60.298 GC heap before
{Heap before GC invocations=14 (full 1):
 PSYoungGen      total 652800K, used 625341K [0x00000000d5f00000, 0x00000000ffb00000, 0x0000000100000000)
  eden space 624640K, 100% used [0x00000000d5f00000,0x00000000fc100000,0x00000000fc100000)
  from space 28160K, 2% used [0x00000000fdf80000,0x00000000fe02f4e8,0x00000000ffb00000)
  to   space 29696K, 0% used [0x00000000fc100000,0x00000000fc100000,0x00000000fde00000)
 ParOldGen       total 78336K, used 31177K [0x0000000081c00000, 0x0000000086880000, 0x00000000d5f00000)
  object space 78336K, 39% used [0x0000000081c00000,0x0000000083a725d0,0x0000000086880000)
 Metaspace       used 29243K, capacity 30076K, committed 30208K, reserved 1075200K
  class space    used 3847K, capacity 4076K, committed 4096K, reserved 1048576K
Event: 60.309 GC heap after
Heap after GC invocations=14 (full 1):
 PSYoungGen      total 654336K, used 5950K [0x00000000d5f00000, 0x0000000100000000, 0x0000000100000000)
  eden space 624640K, 0% used [0x00000000d5f00000,0x00000000d5f00000,0x00000000fc100000)
  from space 29696K, 20% used [0x00000000fc100000,0x00000000fc6cfb58,0x00000000fde00000)
  to   space 29184K, 0% used [0x00000000fe380000,0x00000000fe380000,0x0000000100000000)
 ParOldGen       total 78336K, used 31578K [0x0000000081c00000, 0x0000000086880000, 0x00000000d5f00000)
  object space 78336K, 40% used [0x0000000081c00000,0x0000000083ad6af8,0x0000000086880000)
 Metaspace       used 29243K, capacity 30076K, committed 30208K, reserved 1075200K
  class space    used 3847K, capacity 4076K, committed 4096K, reserved 1048576K
}
Event: 79.987 GC heap before
{Heap before GC invocations=15 (full 1):
 PSYoungGen      total 654336K, used 630590K [0x00000000d5f00000, 0x0000000100000000, 0x0000000100000000)
  eden space 624640K, 100% used [0x00000000d5f00000,0x00000000fc100000,0x00000000fc100000)
  from space 29696K, 20% used [0x00000000fc100000,0x00000000fc6cfb58,0x00000000fde00000)
  to   space 29184K, 0% used [0x00000000fe380000,0x00000000fe380000,0x0000000100000000)
 ParOldGen       total 78336K, used 31578K [0x0000000081c00000, 0x0000000086880000, 0x00000000d5f00000)
  object space 78336K, 40% used [0x0000000081c00000,0x0000000083ad6af8,0x0000000086880000)
 Metaspace       used 29280K, capacity 30076K, committed 30208K, reserved 1075200K
  class space    used 3847K, capacity 4076K, committed 4096K, reserved 1048576K
Event: 80.006 GC heap after
Heap after GC invocations=15 (full 1):
 PSYoungGen      total 655872K, used 9982K [0x00000000d5f00000, 0x00000000ffc80000, 0x0000000100000000)
  eden space 630272K, 0% used [0x00000000d5f00000,0x00000000d5f00000,0x00000000fc680000)
  from space 25600K, 38% used [0x00000000fe380000,0x00000000fed3f8f8,0x00000000ffc80000)
  to   space 27648K, 0% used [0x00000000fc680000,0x00000000fc680000,0x00000000fe180000)
 ParOldGen       total 78336K, used 31586K [0x0000000081c00000, 0x0000000086880000, 0x00000000d5f00000)
  object space 78336K, 40% used [0x0000000081c00000,0x0000000083ad8af8,0x0000000086880000)
 Metaspace       used 29280K, capacity 30076K, committed 30208K, reserved 1075200K
  class space    used 3847K, capacity 4076K, committed 4096K, reserved 1048576K
}
Event: 80.274 GC heap before
{Heap before GC invocations=16 (full 1):
 PSYoungGen      total 655872K, used 640254K [0x00000000d5f00000, 0x00000000ffc80000, 0x0000000100000000)
  eden space 630272K, 100% used [0x00000000d5f00000,0x00000000fc680000,0x00000000fc680000)
  from space 25600K, 38% used [0x00000000fe380000,0x00000000fed3f8f8,0x00000000ffc80000)
  to   space 27648K, 0% used [0x00000000fc680000,0x00000000fc680000,0x00000000fe180000)
 ParOldGen       total 78336K, used 31586K [0x0000000081c00000, 0x0000000086880000, 0x00000000d5f00000)
  object space 78336K, 40% used [0x0000000081c00000,0x0000000083ad8af8,0x0000000086880000)
 Metaspace       used 29280K, capacity 30076K, committed 30208K, reserved 1075200K
  class space    used 3847K, capacity 4076K, committed 4096K, reserved 1048576K
Event: 80.294 GC heap after
Heap after GC invocations=16 (full 1):
 PSYoungGen      total 657920K, used 12349K [0x00000000d5f00000, 0x0000000100000000, 0x0000000100000000)
  eden space 630272K, 0% used [0x00000000d5f00000,0x00000000d5f00000,0x00000000fc680000)
  from space 27648K, 44% used [0x00000000fc680000,0x00000000fd28f568,0x00000000fe180000)
  to   space 26624K, 0% used [0x00000000fe600000,0x00000000fe600000,0x0000000100000000)
 ParOldGen       total 78336K, used 31650K [0x0000000081c00000, 0x0000000086880000, 0x00000000d5f00000)
  object space 78336K, 40% used [0x0000000081c00000,0x0000000083ae8b28,0x0000000086880000)
 Metaspace       used 29280K, capacity 30076K, committed 30208K, reserved 1075200K
  class space    used 3847K, capacity 4076K, committed 4096K, reserved 1048576K
}
Event: 100.066 GC heap before
{Heap before GC invocations=17 (full 1):
 PSYoungGen      total 657920K, used 642621K [0x00000000d5f00000, 0x0000000100000000, 0x0000000100000000)
  eden space 630272K, 100% used [0x00000000d5f00000,0x00000000fc680000,0x00000000fc680000)
  from space 27648K, 44% used [0x00000000fc680000,0x00000000fd28f568,0x00000000fe180000)
  to   space 26624K, 0% used [0x00000000fe600000,0x00000000fe600000,0x0000000100000000)
 ParOldGen       total 78336K, used 31650K [0x0000000081c00000, 0x0000000086880000, 0x00000000d5f00000)
  object space 78336K, 40% used [0x0000000081c00000,0x0000000083ae8b28,0x0000000086880000)
 Metaspace       used 29328K, capacity 30204K, committed 30464K, reserved 1075200K
  class space    used 3847K, capacity 4076K, committed 4096K, reserved 1048576K
Event: 100.068 GC heap after
Heap after GC invocations=17 (full 1):
 PSYoungGen      total 660480K, used 1205K [0x00000000d5f00000, 0x00000000fff00000, 0x0000000100000000)
  eden space 634880K, 0% used [0x00000000d5f00000,0x00000000d5f00000,0x00000000fcb00000)
  from space 25600K, 4% used [0x00000000fe600000,0x00000000fe72d7a0,0x00000000fff00000)
  to   space 26624K, 0% used [0x00000000fcb00000,0x00000000fcb00000,0x00000000fe500000)
 ParOldGen       total 78336K, used 31658K [0x0000000081c00000, 0x0000000086880000, 0x00000000d5f00000)
  object space 78336K, 40% used [0x0000000081c00000,0x0000000083aeab28,0x0000000086880000)
 Metaspace       used 29328K, capacity 30204K, committed 30464K, reserved 1075200K
  class space    used 3847K, capacity 4076K, committed 4096K, reserved 1048576K
}
Event: 100.373 GC heap before
{Heap before GC invocations=18 (full 1):
 PSYoungGen      total 660480K, used 636085K [0x00000000d5f00000, 0x00000000fff00000, 0x0000000100000000)
  eden space 634880K, 100% used [0x00000000d5f00000,0x00000000fcb00000,0x00000000fcb00000)
  from space 25600K, 4% used [0x00000000fe600000,0x00000000fe72d7a0,0x00000000fff00000)
  to   space 26624K, 0% used [0x00000000fcb00000,0x00000000fcb00000,0x00000000fe500000)
 ParOldGen       total 78336K, used 31658K [0x0000000081c00000, 0x0000000086880000, 0x00000000d5f00000)
  object space 78336K, 40% used [0x0000000081c00000,0x0000000083aeab28,0x0000000086880000)
 Metaspace       used 29331K, capacity 30204K, committed 30464K, reserved 1075200K
  class space    used 3847K, capacity 4076K, committed 4096K, reserved 1048576K
Event: 100.376 GC heap after
Heap after GC invocations=18 (full 1):
 PSYoungGen      total 661504K, used 985K [0x00000000d5f00000, 0x0000000100000000, 0x0000000100000000)
  eden space 634880K, 0% used [0x00000000d5f00000,0x00000000d5f00000,0x00000000fcb00000)
  from space 26624K, 3% used [0x00000000fcb00000,0x00000000fcbf6520,0x00000000fe500000)
  to   space 26624K, 0% used [0x00000000fe600000,0x00000000fe600000,0x0000000100000000)
 ParOldGen       total 78336K, used 31714K [0x0000000081c00000, 0x0000000086880000, 0x00000000d5f00000)
  object space 78336K, 40% used [0x0000000081c00000,0x0000000083af8b58,0x0000000086880000)
 Metaspace       used 29331K, capacity 30204K, committed 30464K, reserved 1075200K
  class space    used 3847K, capacity 4076K, committed 4096K, reserved 1048576K
}

